::1 - - [08/Apr/2020:11:15:57 +0000] "DELETE /api/v1/categories/5 HTTP/1.1" 200 77 "-" "PostmanRuntime/7.24.0"
::1 - - [08/Apr/2020:11:28:00 +0000] "GET /api/v1/categories HTTP/1.1" 200 79 "-" "PostmanRuntime/7.24.0"
::1 - - [08/Apr/2020:11:29:25 +0000] "GET /api/v1/categories HTTP/1.1" 200 79 "-" "PostmanRuntime/7.24.0"
::1 - - [08/Apr/2020:11:30:12 +0000] "GET /api/v1/category/12 HTTP/1.1" 404 157 "-" "PostmanRuntime/7.24.0"
::1 - - [08/Apr/2020:11:30:26 +0000] "GET /api/v1/categories/12 HTTP/1.1" 200 91 "-" "PostmanRuntime/7.24.0"
::1 - - [08/Apr/2020:11:31:51 +0000] "POST /api/v1/categories HTTP/1.1" 200 64 "-" "PostmanRuntime/7.24.0"
::1 - - [08/Apr/2020:11:32:30 +0000] "PUT /api/v1/categories/12 HTTP/1.1" 200 69 "-" "PostmanRuntime/7.24.0"
::1 - - [08/Apr/2020:11:42:50 +0000] "DELETE /api/v1/categories/23 HTTP/1.1" 200 78 "-" "PostmanRuntime/7.24.0"
::1 - - [16/Apr/2020:14:44:00 +0000] "GET /api/v1/categories HTTP/1.1" 200 79 "-" "PostmanRuntime/7.24.1"
::1 - - [16/Apr/2020:14:44:43 +0000] "POST /api/v1/categories HTTP/1.1" 200 64 "-" "PostmanRuntime/7.24.1"
::1 - - [16/Apr/2020:14:50:47 +0000] "POST /api/v1/categories HTTP/1.1" 200 64 "-" "PostmanRuntime/7.24.1"
::1 - - [16/Apr/2020:14:51:00 +0000] "POST /api/v1/categories HTTP/1.1" 200 64 "-" "PostmanRuntime/7.24.1"
::1 - - [16/Apr/2020:15:12:30 +0000] "POST /api/v1/categories HTTP/1.1" 400 553 "-" "PostmanRuntime/7.24.1"
::1 - - [16/Apr/2020:15:17:54 +0000] "POST /api/v1/categories HTTP/1.1" 200 268 "-" "PostmanRuntime/7.24.1"
::1 - - [16/Apr/2020:15:20:32 +0000] "POST /api/v1/categories HTTP/1.1" 400 279 "-" "PostmanRuntime/7.24.1"
::1 - - [16/Apr/2020:15:20:57 +0000] "POST /api/v1/categories HTTP/1.1" 200 268 "-" "PostmanRuntime/7.24.1"
::1 - - [16/Apr/2020:15:21:08 +0000] "POST /api/v1/categories HTTP/1.1" 400 279 "-" "PostmanRuntime/7.24.1"
::1 - - [16/Apr/2020:15:43:10 +0000] "GET /api/v1/categories HTTP/1.1" 200 515 "-" "PostmanRuntime/7.24.1"
::1 - - [16/Apr/2020:15:46:23 +0000] "GET /api/v1/categories HTTP/1.1" 200 515 "-" "PostmanRuntime/7.24.1"
::1 - - [16/Apr/2020:15:46:37 +0000] "GET /api/v1/categories/5e987722edc2407e0fb7604d HTTP/1.1" 200 268 "-" "PostmanRuntime/7.24.1"
::1 - - [16/Apr/2020:15:48:21 +0000] "GET /api/v1/categories/5e987722edc2407e0fb760 HTTP/1.1" 400 259 "-" "PostmanRuntime/7.24.1"
::1 - - [16/Apr/2020:15:53:55 +0000] "GET /api/v1/categories/5e987722edc2407e0fb760 HTTP/1.1" 400 259 "-" "PostmanRuntime/7.24.1"
::1 - - [16/Apr/2020:15:54:20 +0000] "GET /api/v1/categories HTTP/1.1" 200 515 "-" "PostmanRuntime/7.24.1"
::1 - - [16/Apr/2020:15:54:27 +0000] "GET /api/v1/categories/5e987722edc2407e0fb7604d HTTP/1.1" 200 268 "-" "PostmanRuntime/7.24.1"
::1 - - [16/Apr/2020:15:54:31 +0000] "GET /api/v1/categories/5e987722edc2407e0fb76041 HTTP/1.1" 400 97 "-" "PostmanRuntime/7.24.1"
::1 - - [16/Apr/2020:15:54:40 +0000] "GET /api/v1/categories/5e987722edc2407e0fb7604d HTTP/1.1" 200 268 "-" "PostmanRuntime/7.24.1"
