::1 - - [20/Apr/2020:14:41:47 +0000] "DELETE /api/v1/categories/5e987722edc2407e0fb7604d HTTP/1.1" 200 268 "-" "PostmanRuntime/7.24.1"
::1 - - [20/Apr/2020:14:43:43 +0000] "GET /api/v1/categories HTTP/1.1" 200 515 "-" "PostmanRuntime/7.24.1"
::1 - - [20/Apr/2020:14:44:08 +0000] "DELETE /api/v1/categories/5e9877d9edc2407e0fb7604f HTTP/1.1" 200 268 "-" "PostmanRuntime/7.24.1"
::1 - - [20/Apr/2020:14:44:15 +0000] "GET /api/v1/categories HTTP/1.1" 200 270 "-" "PostmanRuntime/7.24.1"
::1 - - [20/Apr/2020:14:58:01 +0000] "PUT /api/v1/categories/12 HTTP/1.1" 400 199 "-" "PostmanRuntime/7.24.1"
::1 - - [20/Apr/2020:14:58:23 +0000] "PUT /api/v1/categories/5e987722edc2407e0fb7604d HTTP/1.1" 200 257 "-" "PostmanRuntime/7.24.1"
::1 - - [20/Apr/2020:14:58:54 +0000] "GET /api/v1/categories HTTP/1.1" 200 259 "-" "PostmanRuntime/7.24.1"
::1 - - [20/Apr/2020:14:59:32 +0000] "PUT /api/v1/categories/5e987722edc2407e0fb7604d HTTP/1.1" 200 266 "-" "PostmanRuntime/7.24.1"
::1 - - [20/Apr/2020:15:03:11 +0000] "POST /api/v1/categories HTTP/1.1" 200 255 "-" "PostmanRuntime/7.24.1"
::1 - - [20/Apr/2020:15:04:19 +0000] "POST /api/v1/categories HTTP/1.1" 200 236 "-" "PostmanRuntime/7.24.1"
::1 - - [20/Apr/2020:15:08:00 +0000] "GET /api/v1/categories/5e987722edc2407e0fb7604d HTTP/1.1" 200 266 "-" "PostmanRuntime/7.24.1"
::1 - - [20/Apr/2020:15:08:07 +0000] "GET /api/v1/categories/5e987722edc2407e0fb7604i HTTP/1.1" 500 655 "-" "PostmanRuntime/7.24.1"
::1 - - [20/Apr/2020:15:16:09 +0000] "GET /api/v1/categories/5e987722edc2407e0fb7604i HTTP/1.1" 500 129 "-" "PostmanRuntime/7.24.1"
::1 - - [20/Apr/2020:15:18:55 +0000] "DELETE /api/v1/categories/5e9877d9edc2407e0fb7604ds HTTP/1.1" 500 130 "-" "PostmanRuntime/7.24.1"
::1 - - [20/Apr/2020:15:22:41 +0000] "DELETE /api/v1/categories/5e9877d9edc2407e0fb7604ds HTTP/1.1" 500 130 "-" "PostmanRuntime/7.24.1"
::1 - - [20/Apr/2020:15:28:54 +0000] "DELETE /api/v1/categories/5e9877d9edc2407e0fb7604ds HTTP/1.1" 500 130 "-" "PostmanRuntime/7.24.1"
::1 - - [20/Apr/2020:15:30:40 +0000] "DELETE /api/v1/categories/5e9877d9edc2407e0fb7604ds HTTP/1.1" 500 130 "-" "PostmanRuntime/7.24.1"
::1 - - [20/Apr/2020:15:30:55 +0000] "DELETE /api/v1/categories/5e9877d9edc2407e0fb7604ds HTTP/1.1" 500 130 "-" "PostmanRuntime/7.24.1"
::1 - - [21/Apr/2020:15:02:47 +0000] "GET /api/v1/categories/5e987722edc2407e0fb7604i HTTP/1.1" 500 129 "-" "PostmanRuntime/7.24.1"
::1 - - [21/Apr/2020:15:03:24 +0000] "GET /api/v1/categories HTTP/1.1" 200 713 "-" "PostmanRuntime/7.24.1"
::1 - - [21/Apr/2020:15:03:36 +0000] "GET /api/v1/categories/5e987722edc2407e0fb7604e HTTP/1.1" 400 97 "-" "PostmanRuntime/7.24.1"
::1 - - [21/Apr/2020:15:04:29 +0000] "GET /api/v1/categories/5e987722edc2407e0fb7604e HTTP/1.1" 400 97 "-" "PostmanRuntime/7.24.1"
::1 - - [21/Apr/2020:15:05:05 +0000] "GET /api/v1/categories/5e987722edc2407e0fb7604e HTTP/1.1" 400 97 "-" "PostmanRuntime/7.24.1"
::1 - - [21/Apr/2020:15:05:49 +0000] "GET /api/v1/categories/5e987722edc2407e0fb7604e HTTP/1.1" 400 97 "-" "PostmanRuntime/7.24.1"
::1 - - [21/Apr/2020:15:07:27 +0000] "GET /api/v1/categories/5e987722edc2407e0fb7604e HTTP/1.1" 400 97 "-" "PostmanRuntime/7.24.1"
::1 - - [21/Apr/2020:15:08:20 +0000] "GET /api/v1/categories/5e987722edc2407e0fb7604e HTTP/1.1" 400 97 "-" "PostmanRuntime/7.24.1"
::1 - - [21/Apr/2020:15:09:50 +0000] "GET /api/v1/categories/5e987722edc2407e0fb7604e HTTP/1.1" 400 97 "-" "PostmanRuntime/7.24.1"
::1 - - [21/Apr/2020:15:10:32 +0000] "GET /api/v1/categories/5e987722edc2407e0fb7604e HTTP/1.1" 400 97 "-" "PostmanRuntime/7.24.1"
::1 - - [21/Apr/2020:15:11:18 +0000] "GET /api/v1/categories/5e987722edc2407e0fb7604e HTTP/1.1" 400 97 "-" "PostmanRuntime/7.24.1"
::1 - - [21/Apr/2020:15:11:36 +0000] "GET /api/v1/categories/5e987722edc2407e0fb7604e HTTP/1.1" 400 97 "-" "PostmanRuntime/7.24.1"
::1 - - [21/Apr/2020:15:14:38 +0000] "GET /api/v1/categories/5e987722edc2407e0fb7604d HTTP/1.1" 200 266 "-" "PostmanRuntime/7.24.1"
::1 - - [21/Apr/2020:15:15:11 +0000] "GET /api/v1/categories/5e987722edc2407e0fb7604d HTTP/1.1" 200 251 "-" "PostmanRuntime/7.24.1"
::1 - - [21/Apr/2020:15:15:29 +0000] "GET /api/v1/categories/5e987722edc2407e0fb7604d HTTP/1.1" 200 251 "-" "PostmanRuntime/7.24.1"
::1 - - [21/Apr/2020:15:17:13 +0000] "GET /api/v1/categories/5e987722edc2407e0fb7604d HTTP/1.1" 200 251 "-" "PostmanRuntime/7.24.1"
::1 - - [21/Apr/2020:15:18:23 +0000] "GET /api/v1/categories/5e987722edc2407e0fb7604d HTTP/1.1" 200 266 "-" "PostmanRuntime/7.24.1"
::1 - - [21/Apr/2020:15:18:47 +0000] "GET /api/v1/categories/5e987722edc2407e0fb7604e HTTP/1.1" 400 97 "-" "PostmanRuntime/7.24.1"
::1 - - [21/Apr/2020:15:32:36 +0000] "GET /api/v1/categories/5e987722edc2407e0fb7604e HTTP/1.1" 400 97 "-" "PostmanRuntime/7.24.1"
::1 - - [21/Apr/2020:15:32:54 +0000] "GET /api/v1/categories/5e987722edc2407e0fb7604e HTTP/1.1" 403 97 "-" "PostmanRuntime/7.24.1"
::1 - - [21/Apr/2020:15:33:49 +0000] "GET /api/v1/categories/5e987722edc2407e0fb7604e HTTP/1.1" 403 97 "-" "PostmanRuntime/7.24.1"
::1 - - [21/Apr/2020:15:34:05 +0000] "GET /api/v1/categories/5e987722edc2407e0fb7604e HTTP/1.1" 403 97 "-" "PostmanRuntime/7.24.1"
::1 - - [21/Apr/2020:15:34:23 +0000] "GET /api/v1/categories/5e987722edc2407e0fb7604e HTTP/1.1" 403 98 "-" "PostmanRuntime/7.24.1"
::1 - - [21/Apr/2020:15:35:05 +0000] "GET /api/v1/categories/5e987722edc2407e0fb7604e HTTP/1.1" 400 98 "-" "PostmanRuntime/7.24.1"
::1 - - [21/Apr/2020:15:36:18 +0000] "GET /api/v1/categories/5e987722edc2407e0fb7604e HTTP/1.1" 400 98 "-" "PostmanRuntime/7.24.1"
::1 - - [27/Apr/2020:13:33:14 +0000] "GET /api/v1/categories/5e987722edc2407e0fb7604e HTTP/1.1" 400 98 "-" "PostmanRuntime/7.24.1"
::1 - - [27/Apr/2020:13:33:48 +0000] "GET /api/v1/categories HTTP/1.1" 200 713 "-" "PostmanRuntime/7.24.1"
::1 - - [27/Apr/2020:13:33:56 +0000] "GET /api/v1/categories/5e987722edc2407e0fb7604d HTTP/1.1" 200 266 "-" "PostmanRuntime/7.24.1"
::1 - - [27/Apr/2020:13:34:00 +0000] "GET /api/v1/categories/5e987722edc2407e0fb7604dee HTTP/1.1" 500 131 "-" "PostmanRuntime/7.24.1"
::1 - - [27/Apr/2020:13:38:02 +0000] "GET /api/v1/categories/5e987722edc2407e0fb7604dee HTTP/1.1" 400 80 "-" "PostmanRuntime/7.24.1"
::1 - - [27/Apr/2020:13:48:19 +0000] "GET /api/v1/categories/5e987722edc2407e0fb7604d HTTP/1.1" 200 266 "-" "PostmanRuntime/7.24.1"
::1 - - [27/Apr/2020:13:48:46 +0000] "POST /api/v1/categories HTTP/1.1" 400 278 "-" "PostmanRuntime/7.24.1"
::1 - - [27/Apr/2020:13:50:49 +0000] "POST /api/v1/categories HTTP/1.1" 400 374 "-" "PostmanRuntime/7.24.1"
::1 - - [27/Apr/2020:14:01:45 +0000] "GET /api/v1/categories HTTP/1.1" 200 713 "-" "PostmanRuntime/7.24.1"
::1 - - [27/Apr/2020:14:29:03 +0000] "GET /api/v1/categories HTTP/1.1" 200 713 "-" "PostmanRuntime/7.24.1"
::1 - - [27/Apr/2020:14:29:08 +0000] "GET /api/v1/categories HTTP/1.1" 200 713 "-" "PostmanRuntime/7.24.1"
::1 - - [27/Apr/2020:14:29:18 +0000] "GET /api/v1/categories/5e987722edc2407e0fb7604d HTTP/1.1" 200 266 "-" "PostmanRuntime/7.24.1"
::1 - - [27/Apr/2020:14:29:21 +0000] "GET /api/v1/categories HTTP/1.1" 200 713 "-" "PostmanRuntime/7.24.1"
::1 - - [27/Apr/2020:14:30:37 +0000] "GET /api/v1/categories HTTP/1.1" 200 713 "-" "PostmanRuntime/7.24.1"
::1 - - [27/Apr/2020:14:30:54 +0000] "GET /api/v1/categories HTTP/1.1" 200 713 "-" "PostmanRuntime/7.24.1"
::1 - - [27/Apr/2020:14:33:03 +0000] "GET /api/v1/categories HTTP/1.1" 200 713 "-" "PostmanRuntime/7.24.1"
::1 - - [27/Apr/2020:14:34:58 +0000] "GET /api/v1/categories HTTP/1.1" 200 26 "-" "PostmanRuntime/7.24.1"
::1 - - [27/Apr/2020:14:35:19 +0000] "GET /api/v1/categories HTTP/1.1" 200 713 "-" "PostmanRuntime/7.24.1"
::1 - - [27/Apr/2020:15:29:38 +0000] "POST /api/v1/categories HTTP/1.1" 400 374 "-" "PostmanRuntime/7.24.1"
